<?xml version="1.0" encoding="UTF-8"?>
<!-- Generated by org.testng.reporters.JUnitReportReporter -->
<testsuite skipped="0" hostname="DESKTOP-L1DOOE7" name="com.qa.testscript.AutoCompleteItemsItems" tests="3" failures="0" timestamp="2021-08-10T17:58:27 IST" time="16.061" errors="0">
  <testcase name="SearchTextbox" time="5.307" classname="com.qa.testscript.AutoCompleteItemsItems"/>
  <system-out/>
  <testcase name="SearchTextbox" time="7.046" classname="com.qa.testscript.AutoCompleteItemsItems"/>
  <system-out/>
  <testcase name="SearchTextbox" time="3.708" classname="com.qa.testscript.AutoCompleteItemsItems"/>
  <system-out/>
</testsuite> <!-- com.qa.testscript.AutoCompleteItemsItems -->
